<?xml version="1.0" encoding="UTF-8"?>
<testsuite xmlns:xsi="http://www.w3.org/2001/XMLSchema-instance" xsi:noNamespaceSchemaLocation="https://maven.apache.org/surefire/maven-surefire-plugin/xsd/surefire-test-report.xsd" name="com.ibm.test.TestTicket" time="0.15" tests="5" errors="0" skipped="0" failures="0">
  <properties>
[...]
</properties>
  <testcase name="testCreateTicket" classname="com.ibm.test.TestTicket" time="0.055"/>
  <testcase name="addPassenger" classname="com.ibm.test.TestTicket" time="0.021"/>
  <testcase name="testUpdateTicket" classname="com.ibm.test.TestTicket" time="0.028"/>
  <testcase name="testRemoveTicket" classname="com.ibm.test.TestTicket" time="0.022"/>
  <testcase name="testFetchAll" classname="com.ibm.test.TestTicket" time="0.01"/>
</testsuite>